app/build/intermediates/manifest_merge_blame_file/debug/manifest-merger-blame-debug-report.txt
1<?xml version="1.0" encoding="utf-8"?>
2<manifest xmlns:android="http://schemas.android.com/apk/res/android"
3    package="com.example.checklistapp"
4    android:versionCode="1"
5    android:versionName="1.0" >
6
7    <uses-sdk
8        android:minSdkVersion="17"
8-->src\main\AndroidManifest.xml
9        android:targetSdkVersion="29" />
9-->src\main\AndroidManifest.xml
10
11    <application
11-->src\main\AndroidManifest.xml:5:5-38:19
12        android:allowBackup="true"
12-->src\main\AndroidManifest.xml:6:9-35
13        android:appComponentFactory="androidx.core.app.CoreComponentFactory"
13-->[androidx.core:core:1.2.0] AndroidManifest.xml:24:18-86
14        android:debuggable="true"
15        android:icon="@mipmap/ic_launcher"
15-->src\main\AndroidManifest.xml:7:9-43
16        android:label="@string/app_name"
16-->src\main\AndroidManifest.xml:9:9-41
17        android:roundIcon="@mipmap/ic_launcher_round"
17-->src\main\AndroidManifest.xml:8:9-54
18        android:supportsRtl="true"
18-->src\main\AndroidManifest.xml:10:9-35
19        android:testOnly="true"
20        android:theme="@style/Theme.AppCompat" >
20-->src\main\AndroidManifest.xml:11:9-47
21        <activity
21-->src\main\AndroidManifest.xml:12:9-28:20
22            android:name="com.example.checklistapp.MainActivity"
22-->src\main\AndroidManifest.xml:13:13-41
23            android:launchMode="singleTop" >
23-->src\main\AndroidManifest.xml:14:13-43
24            <meta-data
24-->src\main\AndroidManifest.xml:16:13-18:54
25                android:name="android.app.searchable"
25-->src\main\AndroidManifest.xml:17:17-54
26                android:resource="@xml/searchable" />
26-->src\main\AndroidManifest.xml:18:17-51
27
28            <intent-filter>
28-->src\main\AndroidManifest.xml:20:13-22:29
29                <action android:name="android.intent.action.SEARCH" />
29-->src\main\AndroidManifest.xml:21:17-71
29-->src\main\AndroidManifest.xml:21:25-68
30            </intent-filter>
31            <intent-filter>
31-->src\main\AndroidManifest.xml:24:13-27:29
32                <action android:name="android.intent.action.MAIN" />
32-->src\main\AndroidManifest.xml:25:17-69
32-->src\main\AndroidManifest.xml:25:25-66
33
34                <category android:name="android.intent.category.LAUNCHER" />
34-->src\main\AndroidManifest.xml:26:17-77
34-->src\main\AndroidManifest.xml:26:27-74
35            </intent-filter>
36        </activity>
37        <activity
37-->src\main\AndroidManifest.xml:30:9-37:20
38            android:name="com.example.checklistapp.ChecklistActivity"
38-->src\main\AndroidManifest.xml:31:13-46
39            android:label=""
39-->src\main\AndroidManifest.xml:33:13-29
40            android:parentActivityName="com.example.checklistapp.MainActivity" >
40-->src\main\AndroidManifest.xml:32:13-55
41            <meta-data
41-->src\main\AndroidManifest.xml:34:13-36:49
42                android:name="android.support.PARENT_ACTIVITY"
42-->src\main\AndroidManifest.xml:35:17-63
43                android:value=".MainActivity" />
43-->src\main\AndroidManifest.xml:36:17-46
44        </activity>
45    </application>
46
47</manifest>